2021-01-18 16:02:04 SEVERE: Exception occured while Saving OAuthTokens to file(file::ZohoOAuthPersistenceByFile)(Warning: file_get_contents(/mnt/c/Sites/europeana/extensions/bundles/europeana/zohoimport/TokenStorage/zcrm_oauthtokens.txt): failed to open stream: No such file or directory)
Symfony\Component\Debug\Exception\ContextErrorException: Warning: file_get_contents(/mnt/c/Sites/europeana/extensions/bundles/europeana/zohoimport/TokenStorage/zcrm_oauthtokens.txt): failed to open stream: No such file or directory in /mnt/c/Sites/europeana/vendor/zohocrm/php-sdk/src/oauth/persistence/ZohoOAuthPersistenceByFile.php:72
Stack trace:
#0 [internal function]: Symfony\Component\Debug\ErrorHandler->handleError(2, 'file_get_conten...', '/mnt/c/Sites/eu...', 72, Array)
#1 /mnt/c/Sites/europeana/vendor/zohocrm/php-sdk/src/oauth/persistence/ZohoOAuthPersistenceByFile.php(72): file_get_contents('/mnt/c/Sites/eu...')
#2 /mnt/c/Sites/europeana/vendor/zohocrm/php-sdk/src/oauth/persistence/ZohoOAuthPersistenceByFile.php(23): zcrmsdk\oauth\persistence\ZohoOAuthPersistenceByFile->deleteOAuthTokens('support@twoking...')
#3 /mnt/c/Sites/europeana/vendor/zohocrm/php-sdk/src/oauth/ZohoOAuthClient.php(97): zcrmsdk\oauth\persistence\ZohoOAuthPersistenceByFile->saveOAuthData(Object(zcrmsdk\oauth\utility\ZohoOAuthTokens))
#4 /mnt/c/Sites/europeana/vendor/zohocrm/php-sdk/src/oauth/ZohoOAuthClient.php(78): zcrmsdk\oauth\ZohoOAuthClient->refreshAccessToken('1000.17a9138711...', 'support@twoking...')
#5 /mnt/c/Sites/europeana/extensions/bundles/europeana/zohoimport/src/OAuth/ZohoImportOAuth.php(44): zcrmsdk\oauth\ZohoOAuthClient->generateAccessTokenFromRefreshToken('1000.17a9138711...', 'support@twoking...')
#6 /mnt/c/Sites/europeana/extensions/bundles/europeana/zohoimport/src/ZohoImport.php(93): Bolt\Extension\Europeana\ZohoImport\OAuth\ZohoImportOAuth->authenticate()
#7 /mnt/c/Sites/europeana/extensions/bundles/europeana/zohoimport/src/Console/ZohoImportCommand.php(87): Bolt\Extension\Europeana\ZohoImport\ZohoImport->importJob(true, Object(Symfony\Component\Console\Output\ConsoleOutput))
#8 /mnt/c/Sites/europeana/vendor/symfony/console/Command/Command.php(245): Bolt\Extension\Europeana\ZohoImport\Console\ZohoImportCommand->execute(Object(Symfony\Component\Console\Input\ArgvInput), Object(Symfony\Component\Console\Output\ConsoleOutput))
#9 /mnt/c/Sites/europeana/vendor/symfony/console/Application.php(853): Symfony\Component\Console\Command\Command->run(Object(Symfony\Component\Console\Input\ArgvInput), Object(Symfony\Component\Console\Output\ConsoleOutput))
#10 /mnt/c/Sites/europeana/vendor/symfony/console/Application.php(185): Symfony\Component\Console\Application->doRunCommand(Object(Bolt\Extension\Europeana\ZohoImport\Console\ZohoImportCommand), Object(Symfony\Component\Console\Input\ArgvInput), Object(Symfony\Component\Console\Output\ConsoleOutput))
#11 /mnt/c/Sites/europeana/vendor/symfony/console/Application.php(117): Symfony\Component\Console\Application->doRun(Object(Symfony\Component\Console\Input\ArgvInput), Object(Symfony\Component\Console\Output\ConsoleOutput))
#12 /mnt/c/Sites/europeana/vendor/bolt/bolt/app/nut(19): Symfony\Component\Console\Application->run()
#13 {main}
2021-01-18 16:02:04 SEVERE: Exception occured while Saving OAuthTokens to file(file::ZohoOAuthPersistenceByFile)(Warning: file_get_contents(/mnt/c/Sites/europeana/extensions/bundles/europeana/zohoimport/TokenStorage/zcrm_oauthtokens.txt): failed to open stream: No such file or directory)
Symfony\Component\Debug\Exception\ContextErrorException: Warning: file_get_contents(/mnt/c/Sites/europeana/extensions/bundles/europeana/zohoimport/TokenStorage/zcrm_oauthtokens.txt): failed to open stream: No such file or directory in /mnt/c/Sites/europeana/vendor/zohocrm/php-sdk/src/oauth/persistence/ZohoOAuthPersistenceByFile.php:72
Stack trace:
#0 [internal function]: Symfony\Component\Debug\ErrorHandler->handleError(2, 'file_get_conten...', '/mnt/c/Sites/eu...', 72, Array)
#1 /mnt/c/Sites/europeana/vendor/zohocrm/php-sdk/src/oauth/persistence/ZohoOAuthPersistenceByFile.php(72): file_get_contents('/mnt/c/Sites/eu...')
#2 /mnt/c/Sites/europeana/vendor/zohocrm/php-sdk/src/oauth/persistence/ZohoOAuthPersistenceByFile.php(23): zcrmsdk\oauth\persistence\ZohoOAuthPersistenceByFile->deleteOAuthTokens('support@twoking...')
#3 /mnt/c/Sites/europeana/vendor/zohocrm/php-sdk/src/oauth/ZohoOAuthClient.php(97): zcrmsdk\oauth\persistence\ZohoOAuthPersistenceByFile->saveOAuthData(Object(zcrmsdk\oauth\utility\ZohoOAuthTokens))
#4 /mnt/c/Sites/europeana/vendor/zohocrm/php-sdk/src/oauth/ZohoOAuthClient.php(78): zcrmsdk\oauth\ZohoOAuthClient->refreshAccessToken('1000.17a9138711...', 'support@twoking...')
#5 /mnt/c/Sites/europeana/extensions/bundles/europeana/zohoimport/src/OAuth/ZohoImportOAuth.php(44): zcrmsdk\oauth\ZohoOAuthClient->generateAccessTokenFromRefreshToken('1000.17a9138711...', 'support@twoking...')
#6 /mnt/c/Sites/europeana/extensions/bundles/europeana/zohoimport/src/ZohoImport.php(93): Bolt\Extension\Europeana\ZohoImport\OAuth\ZohoImportOAuth->authenticate()
#7 /mnt/c/Sites/europeana/extensions/bundles/europeana/zohoimport/src/Console/ZohoImportCommand.php(87): Bolt\Extension\Europeana\ZohoImport\ZohoImport->importJob(true, Object(Symfony\Component\Console\Output\ConsoleOutput))
#8 /mnt/c/Sites/europeana/vendor/symfony/console/Command/Command.php(245): Bolt\Extension\Europeana\ZohoImport\Console\ZohoImportCommand->execute(Object(Symfony\Component\Console\Input\ArgvInput), Object(Symfony\Component\Console\Output\ConsoleOutput))
#9 /mnt/c/Sites/europeana/vendor/symfony/console/Application.php(853): Symfony\Component\Console\Command\Command->run(Object(Symfony\Component\Console\Input\ArgvInput), Object(Symfony\Component\Console\Output\ConsoleOutput))
#10 /mnt/c/Sites/europeana/vendor/symfony/console/Application.php(185): Symfony\Component\Console\Application->doRunCommand(Object(Bolt\Extension\Europeana\ZohoImport\Console\ZohoImportCommand), Object(Symfony\Component\Console\Input\ArgvInput), Object(Symfony\Component\Console\Output\ConsoleOutput))
#11 /mnt/c/Sites/europeana/vendor/symfony/console/Application.php(117): Symfony\Component\Console\Application->doRun(Object(Symfony\Component\Console\Input\ArgvInput), Object(Symfony\Component\Console\Output\ConsoleOutput))
#12 /mnt/c/Sites/europeana/vendor/bolt/bolt/app/nut(19): Symfony\Component\Console\Application->run()
#13 {main}
2021-01-18 16:11:31 SEVERE: Exception occured while Saving OAuthTokens to file(file::ZohoOAuthPersistenceByFile)(Notice: unserialize(): Error at offset 114 of 1913 bytes)
Symfony\Component\Debug\Exception\ContextErrorException: Notice: unserialize(): Error at offset 114 of 1913 bytes in /mnt/c/Sites/europeana/vendor/zohocrm/php-sdk/src/oauth/persistence/ZohoOAuthPersistenceByFile.php:76
Stack trace:
#0 [internal function]: Symfony\Component\Debug\ErrorHandler->handleError(8, 'unserialize(): ...', '/mnt/c/Sites/eu...', 76, Array)
#1 /mnt/c/Sites/europeana/vendor/zohocrm/php-sdk/src/oauth/persistence/ZohoOAuthPersistenceByFile.php(76): unserialize('a:3:{i:0;O:37:"...')
#2 /mnt/c/Sites/europeana/vendor/zohocrm/php-sdk/src/oauth/persistence/ZohoOAuthPersistenceByFile.php(23): zcrmsdk\oauth\persistence\ZohoOAuthPersistenceByFile->deleteOAuthTokens('support@twoking...')
#3 /mnt/c/Sites/europeana/vendor/zohocrm/php-sdk/src/oauth/ZohoOAuthClient.php(97): zcrmsdk\oauth\persistence\ZohoOAuthPersistenceByFile->saveOAuthData(Object(zcrmsdk\oauth\utility\ZohoOAuthTokens))
#4 /mnt/c/Sites/europeana/vendor/zohocrm/php-sdk/src/oauth/ZohoOAuthClient.php(78): zcrmsdk\oauth\ZohoOAuthClient->refreshAccessToken('1000.17a9138711...', 'support@twoking...')
#5 /mnt/c/Sites/europeana/extensions/bundles/europeana/zohoimport/src/OAuth/ZohoImportOAuth.php(44): zcrmsdk\oauth\ZohoOAuthClient->generateAccessTokenFromRefreshToken('1000.17a9138711...', 'support@twoking...')
#6 /mnt/c/Sites/europeana/extensions/bundles/europeana/zohoimport/src/ZohoImport.php(93): Bolt\Extension\Europeana\ZohoImport\OAuth\ZohoImportOAuth->authenticate()
#7 /mnt/c/Sites/europeana/extensions/bundles/europeana/zohoimport/src/Console/ZohoImportCommand.php(87): Bolt\Extension\Europeana\ZohoImport\ZohoImport->importJob(true, Object(Symfony\Component\Console\Output\ConsoleOutput))
#8 /mnt/c/Sites/europeana/vendor/symfony/console/Command/Command.php(245): Bolt\Extension\Europeana\ZohoImport\Console\ZohoImportCommand->execute(Object(Symfony\Component\Console\Input\ArgvInput), Object(Symfony\Component\Console\Output\ConsoleOutput))
#9 /mnt/c/Sites/europeana/vendor/symfony/console/Application.php(853): Symfony\Component\Console\Command\Command->run(Object(Symfony\Component\Console\Input\ArgvInput), Object(Symfony\Component\Console\Output\ConsoleOutput))
#10 /mnt/c/Sites/europeana/vendor/symfony/console/Application.php(185): Symfony\Component\Console\Application->doRunCommand(Object(Bolt\Extension\Europeana\ZohoImport\Console\ZohoImportCommand), Object(Symfony\Component\Console\Input\ArgvInput), Object(Symfony\Component\Console\Output\ConsoleOutput))
#11 /mnt/c/Sites/europeana/vendor/symfony/console/Application.php(117): Symfony\Component\Console\Application->doRun(Object(Symfony\Component\Console\Input\ArgvInput), Object(Symfony\Component\Console\Output\ConsoleOutput))
#12 /mnt/c/Sites/europeana/vendor/bolt/bolt/app/nut(19): Symfony\Component\Console\Application->run()
#13 {main}
2021-01-18 16:11:31 SEVERE: Exception occured while Saving OAuthTokens to file(file::ZohoOAuthPersistenceByFile)(Notice: unserialize(): Error at offset 114 of 1913 bytes)
Symfony\Component\Debug\Exception\ContextErrorException: Notice: unserialize(): Error at offset 114 of 1913 bytes in /mnt/c/Sites/europeana/vendor/zohocrm/php-sdk/src/oauth/persistence/ZohoOAuthPersistenceByFile.php:76
Stack trace:
#0 [internal function]: Symfony\Component\Debug\ErrorHandler->handleError(8, 'unserialize(): ...', '/mnt/c/Sites/eu...', 76, Array)
#1 /mnt/c/Sites/europeana/vendor/zohocrm/php-sdk/src/oauth/persistence/ZohoOAuthPersistenceByFile.php(76): unserialize('a:3:{i:0;O:37:"...')
#2 /mnt/c/Sites/europeana/vendor/zohocrm/php-sdk/src/oauth/persistence/ZohoOAuthPersistenceByFile.php(23): zcrmsdk\oauth\persistence\ZohoOAuthPersistenceByFile->deleteOAuthTokens('support@twoking...')
#3 /mnt/c/Sites/europeana/vendor/zohocrm/php-sdk/src/oauth/ZohoOAuthClient.php(97): zcrmsdk\oauth\persistence\ZohoOAuthPersistenceByFile->saveOAuthData(Object(zcrmsdk\oauth\utility\ZohoOAuthTokens))
#4 /mnt/c/Sites/europeana/vendor/zohocrm/php-sdk/src/oauth/ZohoOAuthClient.php(78): zcrmsdk\oauth\ZohoOAuthClient->refreshAccessToken('1000.17a9138711...', 'support@twoking...')
#5 /mnt/c/Sites/europeana/extensions/bundles/europeana/zohoimport/src/OAuth/ZohoImportOAuth.php(44): zcrmsdk\oauth\ZohoOAuthClient->generateAccessTokenFromRefreshToken('1000.17a9138711...', 'support@twoking...')
#6 /mnt/c/Sites/europeana/extensions/bundles/europeana/zohoimport/src/ZohoImport.php(93): Bolt\Extension\Europeana\ZohoImport\OAuth\ZohoImportOAuth->authenticate()
#7 /mnt/c/Sites/europeana/extensions/bundles/europeana/zohoimport/src/Console/ZohoImportCommand.php(87): Bolt\Extension\Europeana\ZohoImport\ZohoImport->importJob(true, Object(Symfony\Component\Console\Output\ConsoleOutput))
#8 /mnt/c/Sites/europeana/vendor/symfony/console/Command/Command.php(245): Bolt\Extension\Europeana\ZohoImport\Console\ZohoImportCommand->execute(Object(Symfony\Component\Console\Input\ArgvInput), Object(Symfony\Component\Console\Output\ConsoleOutput))
#9 /mnt/c/Sites/europeana/vendor/symfony/console/Application.php(853): Symfony\Component\Console\Command\Command->run(Object(Symfony\Component\Console\Input\ArgvInput), Object(Symfony\Component\Console\Output\ConsoleOutput))
#10 /mnt/c/Sites/europeana/vendor/symfony/console/Application.php(185): Symfony\Component\Console\Application->doRunCommand(Object(Bolt\Extension\Europeana\ZohoImport\Console\ZohoImportCommand), Object(Symfony\Component\Console\Input\ArgvInput), Object(Symfony\Component\Console\Output\ConsoleOutput))
#11 /mnt/c/Sites/europeana/vendor/symfony/console/Application.php(117): Symfony\Component\Console\Application->doRun(Object(Symfony\Component\Console\Input\ArgvInput), Object(Symfony\Component\Console\Output\ConsoleOutput))
#12 /mnt/c/Sites/europeana/vendor/bolt/bolt/app/nut(19): Symfony\Component\Console\Application->run()
#13 {main}
2021-01-18 16:14:21 SEVERE: Exception occured while Saving OAuthTokens to file(file::ZohoOAuthPersistenceByFile)(Notice: unserialize(): Error at offset 114 of 1913 bytes)
Symfony\Component\Debug\Exception\ContextErrorException: Notice: unserialize(): Error at offset 114 of 1913 bytes in /mnt/c/Sites/europeana/vendor/zohocrm/php-sdk/src/oauth/persistence/ZohoOAuthPersistenceByFile.php:76
Stack trace:
#0 [internal function]: Symfony\Component\Debug\ErrorHandler->handleError(8, 'unserialize(): ...', '/mnt/c/Sites/eu...', 76, Array)
#1 /mnt/c/Sites/europeana/vendor/zohocrm/php-sdk/src/oauth/persistence/ZohoOAuthPersistenceByFile.php(76): unserialize('a:3:{i:0;O:37:"...')
#2 /mnt/c/Sites/europeana/vendor/zohocrm/php-sdk/src/oauth/persistence/ZohoOAuthPersistenceByFile.php(23): zcrmsdk\oauth\persistence\ZohoOAuthPersistenceByFile->deleteOAuthTokens('support@twoking...')
#3 /mnt/c/Sites/europeana/vendor/zohocrm/php-sdk/src/oauth/ZohoOAuthClient.php(97): zcrmsdk\oauth\persistence\ZohoOAuthPersistenceByFile->saveOAuthData(Object(zcrmsdk\oauth\utility\ZohoOAuthTokens))
#4 /mnt/c/Sites/europeana/vendor/zohocrm/php-sdk/src/oauth/ZohoOAuthClient.php(78): zcrmsdk\oauth\ZohoOAuthClient->refreshAccessToken('1000.17a9138711...', 'support@twoking...')
#5 /mnt/c/Sites/europeana/extensions/bundles/europeana/zohoimport/src/OAuth/ZohoImportOAuth.php(44): zcrmsdk\oauth\ZohoOAuthClient->generateAccessTokenFromRefreshToken('1000.17a9138711...', 'support@twoking...')
#6 /mnt/c/Sites/europeana/extensions/bundles/europeana/zohoimport/src/ZohoImport.php(93): Bolt\Extension\Europeana\ZohoImport\OAuth\ZohoImportOAuth->authenticate()
#7 /mnt/c/Sites/europeana/extensions/bundles/europeana/zohoimport/src/Console/ZohoImportCommand.php(87): Bolt\Extension\Europeana\ZohoImport\ZohoImport->importJob(true, Object(Symfony\Component\Console\Output\ConsoleOutput))
#8 /mnt/c/Sites/europeana/vendor/symfony/console/Command/Command.php(245): Bolt\Extension\Europeana\ZohoImport\Console\ZohoImportCommand->execute(Object(Symfony\Component\Console\Input\ArgvInput), Object(Symfony\Component\Console\Output\ConsoleOutput))
#9 /mnt/c/Sites/europeana/vendor/symfony/console/Application.php(853): Symfony\Component\Console\Command\Command->run(Object(Symfony\Component\Console\Input\ArgvInput), Object(Symfony\Component\Console\Output\ConsoleOutput))
#10 /mnt/c/Sites/europeana/vendor/symfony/console/Application.php(185): Symfony\Component\Console\Application->doRunCommand(Object(Bolt\Extension\Europeana\ZohoImport\Console\ZohoImportCommand), Object(Symfony\Component\Console\Input\ArgvInput), Object(Symfony\Component\Console\Output\ConsoleOutput))
#11 /mnt/c/Sites/europeana/vendor/symfony/console/Application.php(117): Symfony\Component\Console\Application->doRun(Object(Symfony\Component\Console\Input\ArgvInput), Object(Symfony\Component\Console\Output\ConsoleOutput))
#12 /mnt/c/Sites/europeana/vendor/bolt/bolt/app/nut(19): Symfony\Component\Console\Application->run()
#13 {main}
2021-01-18 16:14:21 SEVERE: Exception occured while Saving OAuthTokens to file(file::ZohoOAuthPersistenceByFile)(Notice: unserialize(): Error at offset 114 of 1913 bytes)
Symfony\Component\Debug\Exception\ContextErrorException: Notice: unserialize(): Error at offset 114 of 1913 bytes in /mnt/c/Sites/europeana/vendor/zohocrm/php-sdk/src/oauth/persistence/ZohoOAuthPersistenceByFile.php:76
Stack trace:
#0 [internal function]: Symfony\Component\Debug\ErrorHandler->handleError(8, 'unserialize(): ...', '/mnt/c/Sites/eu...', 76, Array)
#1 /mnt/c/Sites/europeana/vendor/zohocrm/php-sdk/src/oauth/persistence/ZohoOAuthPersistenceByFile.php(76): unserialize('a:3:{i:0;O:37:"...')
#2 /mnt/c/Sites/europeana/vendor/zohocrm/php-sdk/src/oauth/persistence/ZohoOAuthPersistenceByFile.php(23): zcrmsdk\oauth\persistence\ZohoOAuthPersistenceByFile->deleteOAuthTokens('support@twoking...')
#3 /mnt/c/Sites/europeana/vendor/zohocrm/php-sdk/src/oauth/ZohoOAuthClient.php(97): zcrmsdk\oauth\persistence\ZohoOAuthPersistenceByFile->saveOAuthData(Object(zcrmsdk\oauth\utility\ZohoOAuthTokens))
#4 /mnt/c/Sites/europeana/vendor/zohocrm/php-sdk/src/oauth/ZohoOAuthClient.php(78): zcrmsdk\oauth\ZohoOAuthClient->refreshAccessToken('1000.17a9138711...', 'support@twoking...')
#5 /mnt/c/Sites/europeana/extensions/bundles/europeana/zohoimport/src/OAuth/ZohoImportOAuth.php(44): zcrmsdk\oauth\ZohoOAuthClient->generateAccessTokenFromRefreshToken('1000.17a9138711...', 'support@twoking...')
#6 /mnt/c/Sites/europeana/extensions/bundles/europeana/zohoimport/src/ZohoImport.php(93): Bolt\Extension\Europeana\ZohoImport\OAuth\ZohoImportOAuth->authenticate()
#7 /mnt/c/Sites/europeana/extensions/bundles/europeana/zohoimport/src/Console/ZohoImportCommand.php(87): Bolt\Extension\Europeana\ZohoImport\ZohoImport->importJob(true, Object(Symfony\Component\Console\Output\ConsoleOutput))
#8 /mnt/c/Sites/europeana/vendor/symfony/console/Command/Command.php(245): Bolt\Extension\Europeana\ZohoImport\Console\ZohoImportCommand->execute(Object(Symfony\Component\Console\Input\ArgvInput), Object(Symfony\Component\Console\Output\ConsoleOutput))
#9 /mnt/c/Sites/europeana/vendor/symfony/console/Application.php(853): Symfony\Component\Console\Command\Command->run(Object(Symfony\Component\Console\Input\ArgvInput), Object(Symfony\Component\Console\Output\ConsoleOutput))
#10 /mnt/c/Sites/europeana/vendor/symfony/console/Application.php(185): Symfony\Component\Console\Application->doRunCommand(Object(Bolt\Extension\Europeana\ZohoImport\Console\ZohoImportCommand), Object(Symfony\Component\Console\Input\ArgvInput), Object(Symfony\Component\Console\Output\ConsoleOutput))
#11 /mnt/c/Sites/europeana/vendor/symfony/console/Application.php(117): Symfony\Component\Console\Application->doRun(Object(Symfony\Component\Console\Input\ArgvInput), Object(Symfony\Component\Console\Output\ConsoleOutput))
#12 /mnt/c/Sites/europeana/vendor/bolt/bolt/app/nut(19): Symfony\Component\Console\Application->run()
#13 {main}
2021-01-18 16:24:47 SEVERE: Exception occured while Saving OAuthTokens to file(file::ZohoOAuthPersistenceByFile)(Notice: unserialize(): Error at offset 114 of 1913 bytes)
Symfony\Component\Debug\Exception\ContextErrorException: Notice: unserialize(): Error at offset 114 of 1913 bytes in /mnt/c/Sites/europeana/vendor/zohocrm/php-sdk/src/oauth/persistence/ZohoOAuthPersistenceByFile.php:76
Stack trace:
#0 [internal function]: Symfony\Component\Debug\ErrorHandler->handleError(8, 'unserialize(): ...', '/mnt/c/Sites/eu...', 76, Array)
#1 /mnt/c/Sites/europeana/vendor/zohocrm/php-sdk/src/oauth/persistence/ZohoOAuthPersistenceByFile.php(76): unserialize('a:3:{i:0;O:37:"...')
#2 /mnt/c/Sites/europeana/vendor/zohocrm/php-sdk/src/oauth/persistence/ZohoOAuthPersistenceByFile.php(23): zcrmsdk\oauth\persistence\ZohoOAuthPersistenceByFile->deleteOAuthTokens('support@twoking...')
#3 /mnt/c/Sites/europeana/vendor/zohocrm/php-sdk/src/oauth/ZohoOAuthClient.php(97): zcrmsdk\oauth\persistence\ZohoOAuthPersistenceByFile->saveOAuthData(Object(zcrmsdk\oauth\utility\ZohoOAuthTokens))
#4 /mnt/c/Sites/europeana/vendor/zohocrm/php-sdk/src/oauth/ZohoOAuthClient.php(78): zcrmsdk\oauth\ZohoOAuthClient->refreshAccessToken('1000.17a9138711...', 'support@twoking...')
#5 /mnt/c/Sites/europeana/extensions/bundles/europeana/zohoimport/src/OAuth/ZohoImportOAuth.php(44): zcrmsdk\oauth\ZohoOAuthClient->generateAccessTokenFromRefreshToken('1000.17a9138711...', 'support@twoking...')
#6 /mnt/c/Sites/europeana/extensions/bundles/europeana/zohoimport/src/ZohoImport.php(93): Bolt\Extension\Europeana\ZohoImport\OAuth\ZohoImportOAuth->authenticate()
#7 /mnt/c/Sites/europeana/extensions/bundles/europeana/zohoimport/src/Console/ZohoImportCommand.php(87): Bolt\Extension\Europeana\ZohoImport\ZohoImport->importJob(true, Object(Symfony\Component\Console\Output\ConsoleOutput))
#8 /mnt/c/Sites/europeana/vendor/symfony/console/Command/Command.php(245): Bolt\Extension\Europeana\ZohoImport\Console\ZohoImportCommand->execute(Object(Symfony\Component\Console\Input\ArgvInput), Object(Symfony\Component\Console\Output\ConsoleOutput))
#9 /mnt/c/Sites/europeana/vendor/symfony/console/Application.php(853): Symfony\Component\Console\Command\Command->run(Object(Symfony\Component\Console\Input\ArgvInput), Object(Symfony\Component\Console\Output\ConsoleOutput))
#10 /mnt/c/Sites/europeana/vendor/symfony/console/Application.php(185): Symfony\Component\Console\Application->doRunCommand(Object(Bolt\Extension\Europeana\ZohoImport\Console\ZohoImportCommand), Object(Symfony\Component\Console\Input\ArgvInput), Object(Symfony\Component\Console\Output\ConsoleOutput))
#11 /mnt/c/Sites/europeana/vendor/symfony/console/Application.php(117): Symfony\Component\Console\Application->doRun(Object(Symfony\Component\Console\Input\ArgvInput), Object(Symfony\Component\Console\Output\ConsoleOutput))
#12 /mnt/c/Sites/europeana/vendor/bolt/bolt/app/nut(19): Symfony\Component\Console\Application->run()
#13 {main}
2021-01-18 16:24:47 SEVERE: Exception occured while Saving OAuthTokens to file(file::ZohoOAuthPersistenceByFile)(Notice: unserialize(): Error at offset 114 of 1913 bytes)
Symfony\Component\Debug\Exception\ContextErrorException: Notice: unserialize(): Error at offset 114 of 1913 bytes in /mnt/c/Sites/europeana/vendor/zohocrm/php-sdk/src/oauth/persistence/ZohoOAuthPersistenceByFile.php:76
Stack trace:
#0 [internal function]: Symfony\Component\Debug\ErrorHandler->handleError(8, 'unserialize(): ...', '/mnt/c/Sites/eu...', 76, Array)
#1 /mnt/c/Sites/europeana/vendor/zohocrm/php-sdk/src/oauth/persistence/ZohoOAuthPersistenceByFile.php(76): unserialize('a:3:{i:0;O:37:"...')
#2 /mnt/c/Sites/europeana/vendor/zohocrm/php-sdk/src/oauth/persistence/ZohoOAuthPersistenceByFile.php(23): zcrmsdk\oauth\persistence\ZohoOAuthPersistenceByFile->deleteOAuthTokens('support@twoking...')
#3 /mnt/c/Sites/europeana/vendor/zohocrm/php-sdk/src/oauth/ZohoOAuthClient.php(97): zcrmsdk\oauth\persistence\ZohoOAuthPersistenceByFile->saveOAuthData(Object(zcrmsdk\oauth\utility\ZohoOAuthTokens))
#4 /mnt/c/Sites/europeana/vendor/zohocrm/php-sdk/src/oauth/ZohoOAuthClient.php(78): zcrmsdk\oauth\ZohoOAuthClient->refreshAccessToken('1000.17a9138711...', 'support@twoking...')
#5 /mnt/c/Sites/europeana/extensions/bundles/europeana/zohoimport/src/OAuth/ZohoImportOAuth.php(44): zcrmsdk\oauth\ZohoOAuthClient->generateAccessTokenFromRefreshToken('1000.17a9138711...', 'support@twoking...')
#6 /mnt/c/Sites/europeana/extensions/bundles/europeana/zohoimport/src/ZohoImport.php(93): Bolt\Extension\Europeana\ZohoImport\OAuth\ZohoImportOAuth->authenticate()
#7 /mnt/c/Sites/europeana/extensions/bundles/europeana/zohoimport/src/Console/ZohoImportCommand.php(87): Bolt\Extension\Europeana\ZohoImport\ZohoImport->importJob(true, Object(Symfony\Component\Console\Output\ConsoleOutput))
#8 /mnt/c/Sites/europeana/vendor/symfony/console/Command/Command.php(245): Bolt\Extension\Europeana\ZohoImport\Console\ZohoImportCommand->execute(Object(Symfony\Component\Console\Input\ArgvInput), Object(Symfony\Component\Console\Output\ConsoleOutput))
#9 /mnt/c/Sites/europeana/vendor/symfony/console/Application.php(853): Symfony\Component\Console\Command\Command->run(Object(Symfony\Component\Console\Input\ArgvInput), Object(Symfony\Component\Console\Output\ConsoleOutput))
#10 /mnt/c/Sites/europeana/vendor/symfony/console/Application.php(185): Symfony\Component\Console\Application->doRunCommand(Object(Bolt\Extension\Europeana\ZohoImport\Console\ZohoImportCommand), Object(Symfony\Component\Console\Input\ArgvInput), Object(Symfony\Component\Console\Output\ConsoleOutput))
#11 /mnt/c/Sites/europeana/vendor/symfony/console/Application.php(117): Symfony\Component\Console\Application->doRun(Object(Symfony\Component\Console\Input\ArgvInput), Object(Symfony\Component\Console\Output\ConsoleOutput))
#12 /mnt/c/Sites/europeana/vendor/bolt/bolt/app/nut(19): Symfony\Component\Console\Application->run()
#13 {main}
2021-01-25 17:04:31 SEVERE: Exception occured while Saving OAuthTokens to file(file::ZohoOAuthPersistenceByFile)(Notice: unserialize(): Error at offset 9 of 1969 bytes)
Symfony\Component\Debug\Exception\ContextErrorException: Notice: unserialize(): Error at offset 9 of 1969 bytes in /mnt/c/Sites/europeana/vendor/zohocrm/php-sdk/src/oauth/persistence/ZohoOAuthPersistenceByFile.php:76
Stack trace:
#0 [internal function]: Symfony\Component\Debug\ErrorHandler->handleError(8, 'unserialize(): ...', '/mnt/c/Sites/eu...', 76, Array)
#1 /mnt/c/Sites/europeana/vendor/zohocrm/php-sdk/src/oauth/persistence/ZohoOAuthPersistenceByFile.php(76): unserialize('a:3:{i:0;O:37:\r...')
#2 /mnt/c/Sites/europeana/vendor/zohocrm/php-sdk/src/oauth/persistence/ZohoOAuthPersistenceByFile.php(23): zcrmsdk\oauth\persistence\ZohoOAuthPersistenceByFile->deleteOAuthTokens('support@twoking...')
#3 /mnt/c/Sites/europeana/vendor/zohocrm/php-sdk/src/oauth/ZohoOAuthClient.php(97): zcrmsdk\oauth\persistence\ZohoOAuthPersistenceByFile->saveOAuthData(Object(zcrmsdk\oauth\utility\ZohoOAuthTokens))
#4 /mnt/c/Sites/europeana/vendor/zohocrm/php-sdk/src/oauth/ZohoOAuthClient.php(78): zcrmsdk\oauth\ZohoOAuthClient->refreshAccessToken('1000.17a9138711...', 'support@twoking...')
#5 /mnt/c/Sites/europeana/extensions/bundles/europeana/zohoimport/src/OAuth/ZohoImportOAuth.php(44): zcrmsdk\oauth\ZohoOAuthClient->generateAccessTokenFromRefreshToken('1000.17a9138711...', 'support@twoking...')
#6 /mnt/c/Sites/europeana/extensions/bundles/europeana/zohoimport/src/ZohoImport.php(93): Bolt\Extension\Europeana\ZohoImport\OAuth\ZohoImportOAuth->authenticate()
#7 /mnt/c/Sites/europeana/extensions/bundles/europeana/zohoimport/src/Console/ZohoImportCommand.php(87): Bolt\Extension\Europeana\ZohoImport\ZohoImport->importJob(true, Object(Symfony\Component\Console\Output\ConsoleOutput))
#8 /mnt/c/Sites/europeana/vendor/symfony/console/Command/Command.php(245): Bolt\Extension\Europeana\ZohoImport\Console\ZohoImportCommand->execute(Object(Symfony\Component\Console\Input\ArgvInput), Object(Symfony\Component\Console\Output\ConsoleOutput))
#9 /mnt/c/Sites/europeana/vendor/symfony/console/Application.php(853): Symfony\Component\Console\Command\Command->run(Object(Symfony\Component\Console\Input\ArgvInput), Object(Symfony\Component\Console\Output\ConsoleOutput))
#10 /mnt/c/Sites/europeana/vendor/symfony/console/Application.php(185): Symfony\Component\Console\Application->doRunCommand(Object(Bolt\Extension\Europeana\ZohoImport\Console\ZohoImportCommand), Object(Symfony\Component\Console\Input\ArgvInput), Object(Symfony\Component\Console\Output\ConsoleOutput))
#11 /mnt/c/Sites/europeana/vendor/symfony/console/Application.php(117): Symfony\Component\Console\Application->doRun(Object(Symfony\Component\Console\Input\ArgvInput), Object(Symfony\Component\Console\Output\ConsoleOutput))
#12 /mnt/c/Sites/europeana/vendor/bolt/bolt/app/nut(19): Symfony\Component\Console\Application->run()
#13 {main}
2021-01-25 17:04:31 SEVERE: Exception occured while Saving OAuthTokens to file(file::ZohoOAuthPersistenceByFile)(Notice: unserialize(): Error at offset 9 of 1969 bytes)
Symfony\Component\Debug\Exception\ContextErrorException: Notice: unserialize(): Error at offset 9 of 1969 bytes in /mnt/c/Sites/europeana/vendor/zohocrm/php-sdk/src/oauth/persistence/ZohoOAuthPersistenceByFile.php:76
Stack trace:
#0 [internal function]: Symfony\Component\Debug\ErrorHandler->handleError(8, 'unserialize(): ...', '/mnt/c/Sites/eu...', 76, Array)
#1 /mnt/c/Sites/europeana/vendor/zohocrm/php-sdk/src/oauth/persistence/ZohoOAuthPersistenceByFile.php(76): unserialize('a:3:{i:0;O:37:\r...')
#2 /mnt/c/Sites/europeana/vendor/zohocrm/php-sdk/src/oauth/persistence/ZohoOAuthPersistenceByFile.php(23): zcrmsdk\oauth\persistence\ZohoOAuthPersistenceByFile->deleteOAuthTokens('support@twoking...')
#3 /mnt/c/Sites/europeana/vendor/zohocrm/php-sdk/src/oauth/ZohoOAuthClient.php(97): zcrmsdk\oauth\persistence\ZohoOAuthPersistenceByFile->saveOAuthData(Object(zcrmsdk\oauth\utility\ZohoOAuthTokens))
#4 /mnt/c/Sites/europeana/vendor/zohocrm/php-sdk/src/oauth/ZohoOAuthClient.php(78): zcrmsdk\oauth\ZohoOAuthClient->refreshAccessToken('1000.17a9138711...', 'support@twoking...')
#5 /mnt/c/Sites/europeana/extensions/bundles/europeana/zohoimport/src/OAuth/ZohoImportOAuth.php(44): zcrmsdk\oauth\ZohoOAuthClient->generateAccessTokenFromRefreshToken('1000.17a9138711...', 'support@twoking...')
#6 /mnt/c/Sites/europeana/extensions/bundles/europeana/zohoimport/src/ZohoImport.php(93): Bolt\Extension\Europeana\ZohoImport\OAuth\ZohoImportOAuth->authenticate()
#7 /mnt/c/Sites/europeana/extensions/bundles/europeana/zohoimport/src/Console/ZohoImportCommand.php(87): Bolt\Extension\Europeana\ZohoImport\ZohoImport->importJob(true, Object(Symfony\Component\Console\Output\ConsoleOutput))
#8 /mnt/c/Sites/europeana/vendor/symfony/console/Command/Command.php(245): Bolt\Extension\Europeana\ZohoImport\Console\ZohoImportCommand->execute(Object(Symfony\Component\Console\Input\ArgvInput), Object(Symfony\Component\Console\Output\ConsoleOutput))
#9 /mnt/c/Sites/europeana/vendor/symfony/console/Application.php(853): Symfony\Component\Console\Command\Command->run(Object(Symfony\Component\Console\Input\ArgvInput), Object(Symfony\Component\Console\Output\ConsoleOutput))
#10 /mnt/c/Sites/europeana/vendor/symfony/console/Application.php(185): Symfony\Component\Console\Application->doRunCommand(Object(Bolt\Extension\Europeana\ZohoImport\Console\ZohoImportCommand), Object(Symfony\Component\Console\Input\ArgvInput), Object(Symfony\Component\Console\Output\ConsoleOutput))
#11 /mnt/c/Sites/europeana/vendor/symfony/console/Application.php(117): Symfony\Component\Console\Application->doRun(Object(Symfony\Component\Console\Input\ArgvInput), Object(Symfony\Component\Console\Output\ConsoleOutput))
#12 /mnt/c/Sites/europeana/vendor/bolt/bolt/app/nut(19): Symfony\Component\Console\Application->run()
#13 {main}
2021-01-25 17:12:03 SEVERE: Exception occured while Saving OAuthTokens to file(file::ZohoOAuthPersistenceByFile)(Notice: unserialize(): Error at offset 9 of 1969 bytes)
Symfony\Component\Debug\Exception\ContextErrorException: Notice: unserialize(): Error at offset 9 of 1969 bytes in /mnt/c/Sites/europeana/vendor/zohocrm/php-sdk/src/oauth/persistence/ZohoOAuthPersistenceByFile.php:76
Stack trace:
#0 [internal function]: Symfony\Component\Debug\ErrorHandler->handleError(8, 'unserialize(): ...', '/mnt/c/Sites/eu...', 76, Array)
#1 /mnt/c/Sites/europeana/vendor/zohocrm/php-sdk/src/oauth/persistence/ZohoOAuthPersistenceByFile.php(76): unserialize('a:3:{i:0;O:37:\r...')
#2 /mnt/c/Sites/europeana/vendor/zohocrm/php-sdk/src/oauth/persistence/ZohoOAuthPersistenceByFile.php(23): zcrmsdk\oauth\persistence\ZohoOAuthPersistenceByFile->deleteOAuthTokens('support@twoking...')
#3 /mnt/c/Sites/europeana/vendor/zohocrm/php-sdk/src/oauth/ZohoOAuthClient.php(97): zcrmsdk\oauth\persistence\ZohoOAuthPersistenceByFile->saveOAuthData(Object(zcrmsdk\oauth\utility\ZohoOAuthTokens))
#4 /mnt/c/Sites/europeana/vendor/zohocrm/php-sdk/src/oauth/ZohoOAuthClient.php(78): zcrmsdk\oauth\ZohoOAuthClient->refreshAccessToken('1000.8bebc74ab9...', 'support@twoking...')
#5 /mnt/c/Sites/europeana/extensions/bundles/europeana/zohoimport/src/OAuth/ZohoImportOAuth.php(44): zcrmsdk\oauth\ZohoOAuthClient->generateAccessTokenFromRefreshToken('1000.8bebc74ab9...', 'support@twoking...')
#6 /mnt/c/Sites/europeana/extensions/bundles/europeana/zohoimport/src/ZohoImport.php(93): Bolt\Extension\Europeana\ZohoImport\OAuth\ZohoImportOAuth->authenticate()
#7 /mnt/c/Sites/europeana/extensions/bundles/europeana/zohoimport/src/Console/ZohoImportCommand.php(87): Bolt\Extension\Europeana\ZohoImport\ZohoImport->importJob(true, Object(Symfony\Component\Console\Output\ConsoleOutput))
#8 /mnt/c/Sites/europeana/vendor/symfony/console/Command/Command.php(245): Bolt\Extension\Europeana\ZohoImport\Console\ZohoImportCommand->execute(Object(Symfony\Component\Console\Input\ArgvInput), Object(Symfony\Component\Console\Output\ConsoleOutput))
#9 /mnt/c/Sites/europeana/vendor/symfony/console/Application.php(853): Symfony\Component\Console\Command\Command->run(Object(Symfony\Component\Console\Input\ArgvInput), Object(Symfony\Component\Console\Output\ConsoleOutput))
#10 /mnt/c/Sites/europeana/vendor/symfony/console/Application.php(185): Symfony\Component\Console\Application->doRunCommand(Object(Bolt\Extension\Europeana\ZohoImport\Console\ZohoImportCommand), Object(Symfony\Component\Console\Input\ArgvInput), Object(Symfony\Component\Console\Output\ConsoleOutput))
#11 /mnt/c/Sites/europeana/vendor/symfony/console/Application.php(117): Symfony\Component\Console\Application->doRun(Object(Symfony\Component\Console\Input\ArgvInput), Object(Symfony\Component\Console\Output\ConsoleOutput))
#12 /mnt/c/Sites/europeana/vendor/bolt/bolt/app/nut(19): Symfony\Component\Console\Application->run()
#13 {main}
2021-01-25 17:12:03 SEVERE: Exception occured while Saving OAuthTokens to file(file::ZohoOAuthPersistenceByFile)(Notice: unserialize(): Error at offset 9 of 1969 bytes)
Symfony\Component\Debug\Exception\ContextErrorException: Notice: unserialize(): Error at offset 9 of 1969 bytes in /mnt/c/Sites/europeana/vendor/zohocrm/php-sdk/src/oauth/persistence/ZohoOAuthPersistenceByFile.php:76
Stack trace:
#0 [internal function]: Symfony\Component\Debug\ErrorHandler->handleError(8, 'unserialize(): ...', '/mnt/c/Sites/eu...', 76, Array)
#1 /mnt/c/Sites/europeana/vendor/zohocrm/php-sdk/src/oauth/persistence/ZohoOAuthPersistenceByFile.php(76): unserialize('a:3:{i:0;O:37:\r...')
#2 /mnt/c/Sites/europeana/vendor/zohocrm/php-sdk/src/oauth/persistence/ZohoOAuthPersistenceByFile.php(23): zcrmsdk\oauth\persistence\ZohoOAuthPersistenceByFile->deleteOAuthTokens('support@twoking...')
#3 /mnt/c/Sites/europeana/vendor/zohocrm/php-sdk/src/oauth/ZohoOAuthClient.php(97): zcrmsdk\oauth\persistence\ZohoOAuthPersistenceByFile->saveOAuthData(Object(zcrmsdk\oauth\utility\ZohoOAuthTokens))
#4 /mnt/c/Sites/europeana/vendor/zohocrm/php-sdk/src/oauth/ZohoOAuthClient.php(78): zcrmsdk\oauth\ZohoOAuthClient->refreshAccessToken('1000.8bebc74ab9...', 'support@twoking...')
#5 /mnt/c/Sites/europeana/extensions/bundles/europeana/zohoimport/src/OAuth/ZohoImportOAuth.php(44): zcrmsdk\oauth\ZohoOAuthClient->generateAccessTokenFromRefreshToken('1000.8bebc74ab9...', 'support@twoking...')
#6 /mnt/c/Sites/europeana/extensions/bundles/europeana/zohoimport/src/ZohoImport.php(93): Bolt\Extension\Europeana\ZohoImport\OAuth\ZohoImportOAuth->authenticate()
#7 /mnt/c/Sites/europeana/extensions/bundles/europeana/zohoimport/src/Console/ZohoImportCommand.php(87): Bolt\Extension\Europeana\ZohoImport\ZohoImport->importJob(true, Object(Symfony\Component\Console\Output\ConsoleOutput))
#8 /mnt/c/Sites/europeana/vendor/symfony/console/Command/Command.php(245): Bolt\Extension\Europeana\ZohoImport\Console\ZohoImportCommand->execute(Object(Symfony\Component\Console\Input\ArgvInput), Object(Symfony\Component\Console\Output\ConsoleOutput))
#9 /mnt/c/Sites/europeana/vendor/symfony/console/Application.php(853): Symfony\Component\Console\Command\Command->run(Object(Symfony\Component\Console\Input\ArgvInput), Object(Symfony\Component\Console\Output\ConsoleOutput))
#10 /mnt/c/Sites/europeana/vendor/symfony/console/Application.php(185): Symfony\Component\Console\Application->doRunCommand(Object(Bolt\Extension\Europeana\ZohoImport\Console\ZohoImportCommand), Object(Symfony\Component\Console\Input\ArgvInput), Object(Symfony\Component\Console\Output\ConsoleOutput))
#11 /mnt/c/Sites/europeana/vendor/symfony/console/Application.php(117): Symfony\Component\Console\Application->doRun(Object(Symfony\Component\Console\Input\ArgvInput), Object(Symfony\Component\Console\Output\ConsoleOutput))
#12 /mnt/c/Sites/europeana/vendor/bolt/bolt/app/nut(19): Symfony\Component\Console\Application->run()
#13 {main}
2021-01-25 17:15:15 SEVERE: Exception occured while Saving OAuthTokens to file(file::ZohoOAuthPersistenceByFile)(Notice: unserialize(): Error at offset 9 of 1969 bytes)
Symfony\Component\Debug\Exception\ContextErrorException: Notice: unserialize(): Error at offset 9 of 1969 bytes in /mnt/c/Sites/europeana/vendor/zohocrm/php-sdk/src/oauth/persistence/ZohoOAuthPersistenceByFile.php:76
Stack trace:
#0 [internal function]: Symfony\Component\Debug\ErrorHandler->handleError(8, 'unserialize(): ...', '/mnt/c/Sites/eu...', 76, Array)
#1 /mnt/c/Sites/europeana/vendor/zohocrm/php-sdk/src/oauth/persistence/ZohoOAuthPersistenceByFile.php(76): unserialize('a:3:{i:0;O:37:\r...')
#2 /mnt/c/Sites/europeana/vendor/zohocrm/php-sdk/src/oauth/persistence/ZohoOAuthPersistenceByFile.php(23): zcrmsdk\oauth\persistence\ZohoOAuthPersistenceByFile->deleteOAuthTokens('support@twoking...')
#3 /mnt/c/Sites/europeana/vendor/zohocrm/php-sdk/src/oauth/ZohoOAuthClient.php(97): zcrmsdk\oauth\persistence\ZohoOAuthPersistenceByFile->saveOAuthData(Object(zcrmsdk\oauth\utility\ZohoOAuthTokens))
#4 /mnt/c/Sites/europeana/vendor/zohocrm/php-sdk/src/oauth/ZohoOAuthClient.php(78): zcrmsdk\oauth\ZohoOAuthClient->refreshAccessToken('1000.8bebc74ab9...', 'support@twoking...')
#5 /mnt/c/Sites/europeana/extensions/bundles/europeana/zohoimport/src/OAuth/ZohoImportOAuth.php(44): zcrmsdk\oauth\ZohoOAuthClient->generateAccessTokenFromRefreshToken('1000.8bebc74ab9...', 'support@twoking...')
#6 /mnt/c/Sites/europeana/extensions/bundles/europeana/zohoimport/src/ZohoImport.php(93): Bolt\Extension\Europeana\ZohoImport\OAuth\ZohoImportOAuth->authenticate()
#7 /mnt/c/Sites/europeana/extensions/bundles/europeana/zohoimport/src/Console/ZohoImportCommand.php(87): Bolt\Extension\Europeana\ZohoImport\ZohoImport->importJob(true, Object(Symfony\Component\Console\Output\ConsoleOutput))
#8 /mnt/c/Sites/europeana/vendor/symfony/console/Command/Command.php(245): Bolt\Extension\Europeana\ZohoImport\Console\ZohoImportCommand->execute(Object(Symfony\Component\Console\Input\ArgvInput), Object(Symfony\Component\Console\Output\ConsoleOutput))
#9 /mnt/c/Sites/europeana/vendor/symfony/console/Application.php(853): Symfony\Component\Console\Command\Command->run(Object(Symfony\Component\Console\Input\ArgvInput), Object(Symfony\Component\Console\Output\ConsoleOutput))
#10 /mnt/c/Sites/europeana/vendor/symfony/console/Application.php(185): Symfony\Component\Console\Application->doRunCommand(Object(Bolt\Extension\Europeana\ZohoImport\Console\ZohoImportCommand), Object(Symfony\Component\Console\Input\ArgvInput), Object(Symfony\Component\Console\Output\ConsoleOutput))
#11 /mnt/c/Sites/europeana/vendor/symfony/console/Application.php(117): Symfony\Component\Console\Application->doRun(Object(Symfony\Component\Console\Input\ArgvInput), Object(Symfony\Component\Console\Output\ConsoleOutput))
#12 /mnt/c/Sites/europeana/vendor/bolt/bolt/app/nut(19): Symfony\Component\Console\Application->run()
#13 {main}
2021-01-25 17:15:15 SEVERE: Exception occured while Saving OAuthTokens to file(file::ZohoOAuthPersistenceByFile)(Notice: unserialize(): Error at offset 9 of 1969 bytes)
Symfony\Component\Debug\Exception\ContextErrorException: Notice: unserialize(): Error at offset 9 of 1969 bytes in /mnt/c/Sites/europeana/vendor/zohocrm/php-sdk/src/oauth/persistence/ZohoOAuthPersistenceByFile.php:76
Stack trace:
#0 [internal function]: Symfony\Component\Debug\ErrorHandler->handleError(8, 'unserialize(): ...', '/mnt/c/Sites/eu...', 76, Array)
#1 /mnt/c/Sites/europeana/vendor/zohocrm/php-sdk/src/oauth/persistence/ZohoOAuthPersistenceByFile.php(76): unserialize('a:3:{i:0;O:37:\r...')
#2 /mnt/c/Sites/europeana/vendor/zohocrm/php-sdk/src/oauth/persistence/ZohoOAuthPersistenceByFile.php(23): zcrmsdk\oauth\persistence\ZohoOAuthPersistenceByFile->deleteOAuthTokens('support@twoking...')
#3 /mnt/c/Sites/europeana/vendor/zohocrm/php-sdk/src/oauth/ZohoOAuthClient.php(97): zcrmsdk\oauth\persistence\ZohoOAuthPersistenceByFile->saveOAuthData(Object(zcrmsdk\oauth\utility\ZohoOAuthTokens))
#4 /mnt/c/Sites/europeana/vendor/zohocrm/php-sdk/src/oauth/ZohoOAuthClient.php(78): zcrmsdk\oauth\ZohoOAuthClient->refreshAccessToken('1000.8bebc74ab9...', 'support@twoking...')
#5 /mnt/c/Sites/europeana/extensions/bundles/europeana/zohoimport/src/OAuth/ZohoImportOAuth.php(44): zcrmsdk\oauth\ZohoOAuthClient->generateAccessTokenFromRefreshToken('1000.8bebc74ab9...', 'support@twoking...')
#6 /mnt/c/Sites/europeana/extensions/bundles/europeana/zohoimport/src/ZohoImport.php(93): Bolt\Extension\Europeana\ZohoImport\OAuth\ZohoImportOAuth->authenticate()
#7 /mnt/c/Sites/europeana/extensions/bundles/europeana/zohoimport/src/Console/ZohoImportCommand.php(87): Bolt\Extension\Europeana\ZohoImport\ZohoImport->importJob(true, Object(Symfony\Component\Console\Output\ConsoleOutput))
#8 /mnt/c/Sites/europeana/vendor/symfony/console/Command/Command.php(245): Bolt\Extension\Europeana\ZohoImport\Console\ZohoImportCommand->execute(Object(Symfony\Component\Console\Input\ArgvInput), Object(Symfony\Component\Console\Output\ConsoleOutput))
#9 /mnt/c/Sites/europeana/vendor/symfony/console/Application.php(853): Symfony\Component\Console\Command\Command->run(Object(Symfony\Component\Console\Input\ArgvInput), Object(Symfony\Component\Console\Output\ConsoleOutput))
#10 /mnt/c/Sites/europeana/vendor/symfony/console/Application.php(185): Symfony\Component\Console\Application->doRunCommand(Object(Bolt\Extension\Europeana\ZohoImport\Console\ZohoImportCommand), Object(Symfony\Component\Console\Input\ArgvInput), Object(Symfony\Component\Console\Output\ConsoleOutput))
#11 /mnt/c/Sites/europeana/vendor/symfony/console/Application.php(117): Symfony\Component\Console\Application->doRun(Object(Symfony\Component\Console\Input\ArgvInput), Object(Symfony\Component\Console\Output\ConsoleOutput))
#12 /mnt/c/Sites/europeana/vendor/bolt/bolt/app/nut(19): Symfony\Component\Console\Application->run()
#13 {main}
